app/build/intermediates/manifest_merge_blame_file/debug/processDebugMainManifest/manifest-merger-blame-debug-report.txt
1<?xml version="1.0" encoding="utf-8"?>
2<manifest xmlns:android="http://schemas.android.com/apk/res/android"
3    package="com.libre.androidsprite"
4    android:versionCode="1"
5    android:versionName="1.0" >
6
7    <uses-sdk
8        android:minSdkVersion="21"
9        android:targetSdkVersion="34" />
10
11    <uses-permission android:name="android.permission.FOREGROUND_SERVICE_DATA_SYNC" />
11-->src/main/AndroidManifest.xml:3:5-4:74
11-->src/main/AndroidManifest.xml:4:9-71
12
13    <queries>
13-->[logger-runtime.aar] AndroidManifest.xml:23:5-25:15
14        <package android:name="com.tom.rv2ide" />
14-->[logger-runtime.aar] AndroidManifest.xml:24:9-50
14-->[logger-runtime.aar] AndroidManifest.xml:24:18-47
15    </queries>
16
17    <uses-permission android:name="android.permission.INTERNET" />
17-->[logger-runtime.aar] AndroidManifest.xml:27:5-67
17-->[logger-runtime.aar] AndroidManifest.xml:27:22-64
18    <uses-permission android:name="com.tom.rv2ide.permission.BIND_LOG_SERVICE" />
18-->[logger-runtime.aar] AndroidManifest.xml:28:5-82
18-->[logger-runtime.aar] AndroidManifest.xml:28:22-79
19    <uses-permission android:name="android.permission.FOREGROUND_SERVICE" />
19-->[logger-runtime.aar] AndroidManifest.xml:29:5-77
19-->[logger-runtime.aar] AndroidManifest.xml:29:22-74
20
21    <permission
21-->[androidx.core:core:1.17.0] AndroidManifest.xml:22:5-24:47
22        android:name="com.libre.androidsprite.DYNAMIC_RECEIVER_NOT_EXPORTED_PERMISSION"
22-->[androidx.core:core:1.17.0] AndroidManifest.xml:23:9-81
23        android:protectionLevel="signature" />
23-->[androidx.core:core:1.17.0] AndroidManifest.xml:24:9-44
24
25    <uses-permission android:name="com.libre.androidsprite.DYNAMIC_RECEIVER_NOT_EXPORTED_PERMISSION" />
25-->[androidx.core:core:1.17.0] AndroidManifest.xml:26:5-97
25-->[androidx.core:core:1.17.0] AndroidManifest.xml:26:22-94
26
27    <application
27-->src/main/AndroidManifest.xml:5:5-20:19
28        android:allowBackup="true"
28-->src/main/AndroidManifest.xml:6:9-35
29        android:appComponentFactory="androidx.core.app.CoreComponentFactory"
29-->[androidx.core:core:1.17.0] AndroidManifest.xml:28:18-86
30        android:debuggable="true"
31        android:extractNativeLibs="true"
32        android:icon="@mipmap/ic_launcher"
32-->src/main/AndroidManifest.xml:7:9-43
33        android:label="@string/app_name"
33-->src/main/AndroidManifest.xml:8:9-41
34        android:roundIcon="@mipmap/ic_launcher_round"
34-->src/main/AndroidManifest.xml:9:9-54
35        android:supportsRtl="true"
35-->src/main/AndroidManifest.xml:10:9-35
36        android:theme="@style/Theme.LibreAndroidSprite" >
36-->src/main/AndroidManifest.xml:11:9-56
37        <activity
37-->src/main/AndroidManifest.xml:12:9-19:20
38            android:name="com.libre.androidsprite.MenuActivity"
38-->src/main/AndroidManifest.xml:13:13-41
39            android:exported="true" >
39-->src/main/AndroidManifest.xml:14:13-36
40            <intent-filter>
40-->src/main/AndroidManifest.xml:15:13-18:29
41                <action android:name="android.intent.action.MAIN" />
41-->src/main/AndroidManifest.xml:16:17-69
41-->src/main/AndroidManifest.xml:16:25-66
42
43                <category android:name="android.intent.category.LAUNCHER" />
43-->src/main/AndroidManifest.xml:17:17-77
43-->src/main/AndroidManifest.xml:17:27-74
44            </intent-filter>
45        </activity>
46
47        <provider
47-->[logger-runtime.aar] AndroidManifest.xml:32:9-36:40
48            android:name="com.tom.rv2ide.logsender.utils.LogSenderInstaller"
48-->[logger-runtime.aar] AndroidManifest.xml:33:13-77
49            android:authorities="com.libre.androidsprite.logsender-installer"
49-->[logger-runtime.aar] AndroidManifest.xml:34:13-71
50            android:enabled="@bool/logsender_enabled"
50-->[logger-runtime.aar] AndroidManifest.xml:35:13-54
51            android:exported="false" />
51-->[logger-runtime.aar] AndroidManifest.xml:36:13-37
52
53        <service
53-->[logger-runtime.aar] AndroidManifest.xml:38:9-41:56
54            android:name="com.tom.rv2ide.logsender.LogSenderService"
54-->[logger-runtime.aar] AndroidManifest.xml:39:13-69
55            android:exported="false"
55-->[logger-runtime.aar] AndroidManifest.xml:40:13-37
56            android:foregroundServiceType="dataSync" />
56-->[logger-runtime.aar] AndroidManifest.xml:41:13-53
57
58        <provider
58-->[androidx.emoji2:emoji2:1.3.0] AndroidManifest.xml:24:9-32:20
59            android:name="androidx.startup.InitializationProvider"
59-->[androidx.emoji2:emoji2:1.3.0] AndroidManifest.xml:25:13-67
60            android:authorities="com.libre.androidsprite.androidx-startup"
60-->[androidx.emoji2:emoji2:1.3.0] AndroidManifest.xml:26:13-68
61            android:exported="false" >
61-->[androidx.emoji2:emoji2:1.3.0] AndroidManifest.xml:27:13-37
62            <meta-data
62-->[androidx.emoji2:emoji2:1.3.0] AndroidManifest.xml:29:13-31:52
63                android:name="androidx.emoji2.text.EmojiCompatInitializer"
63-->[androidx.emoji2:emoji2:1.3.0] AndroidManifest.xml:30:17-75
64                android:value="androidx.startup" />
64-->[androidx.emoji2:emoji2:1.3.0] AndroidManifest.xml:31:17-49
65            <meta-data
65-->[androidx.lifecycle:lifecycle-process:2.6.2] AndroidManifest.xml:29:13-31:52
66                android:name="androidx.lifecycle.ProcessLifecycleInitializer"
66-->[androidx.lifecycle:lifecycle-process:2.6.2] AndroidManifest.xml:30:17-78
67                android:value="androidx.startup" />
67-->[androidx.lifecycle:lifecycle-process:2.6.2] AndroidManifest.xml:31:17-49
68            <meta-data
68-->[androidx.profileinstaller:profileinstaller:1.4.0] AndroidManifest.xml:29:13-31:52
69                android:name="androidx.profileinstaller.ProfileInstallerInitializer"
69-->[androidx.profileinstaller:profileinstaller:1.4.0] AndroidManifest.xml:30:17-85
70                android:value="androidx.startup" />
70-->[androidx.profileinstaller:profileinstaller:1.4.0] AndroidManifest.xml:31:17-49
71        </provider>
72
73        <receiver
73-->[androidx.profileinstaller:profileinstaller:1.4.0] AndroidManifest.xml:34:9-52:20
74            android:name="androidx.profileinstaller.ProfileInstallReceiver"
74-->[androidx.profileinstaller:profileinstaller:1.4.0] AndroidManifest.xml:35:13-76
75            android:directBootAware="false"
75-->[androidx.profileinstaller:profileinstaller:1.4.0] AndroidManifest.xml:36:13-44
76            android:enabled="true"
76-->[androidx.profileinstaller:profileinstaller:1.4.0] AndroidManifest.xml:37:13-35
77            android:exported="true"
77-->[androidx.profileinstaller:profileinstaller:1.4.0] AndroidManifest.xml:38:13-36
78            android:permission="android.permission.DUMP" >
78-->[androidx.profileinstaller:profileinstaller:1.4.0] AndroidManifest.xml:39:13-57
79            <intent-filter>
79-->[androidx.profileinstaller:profileinstaller:1.4.0] AndroidManifest.xml:40:13-42:29
80                <action android:name="androidx.profileinstaller.action.INSTALL_PROFILE" />
80-->[androidx.profileinstaller:profileinstaller:1.4.0] AndroidManifest.xml:41:17-91
80-->[androidx.profileinstaller:profileinstaller:1.4.0] AndroidManifest.xml:41:25-88
81            </intent-filter>
82            <intent-filter>
82-->[androidx.profileinstaller:profileinstaller:1.4.0] AndroidManifest.xml:43:13-45:29
83                <action android:name="androidx.profileinstaller.action.SKIP_FILE" />
83-->[androidx.profileinstaller:profileinstaller:1.4.0] AndroidManifest.xml:44:17-85
83-->[androidx.profileinstaller:profileinstaller:1.4.0] AndroidManifest.xml:44:25-82
84            </intent-filter>
85            <intent-filter>
85-->[androidx.profileinstaller:profileinstaller:1.4.0] AndroidManifest.xml:46:13-48:29
86                <action android:name="androidx.profileinstaller.action.SAVE_PROFILE" />
86-->[androidx.profileinstaller:profileinstaller:1.4.0] AndroidManifest.xml:47:17-88
86-->[androidx.profileinstaller:profileinstaller:1.4.0] AndroidManifest.xml:47:25-85
87            </intent-filter>
88            <intent-filter>
88-->[androidx.profileinstaller:profileinstaller:1.4.0] AndroidManifest.xml:49:13-51:29
89                <action android:name="androidx.profileinstaller.action.BENCHMARK_OPERATION" />
89-->[androidx.profileinstaller:profileinstaller:1.4.0] AndroidManifest.xml:50:17-95
89-->[androidx.profileinstaller:profileinstaller:1.4.0] AndroidManifest.xml:50:25-92
90            </intent-filter>
91        </receiver>
92    </application>
93
94</manifest>